"C:/ArchivesOfMekDemo/Content/AntizeMenu/Logics/E_TemplateMouse.uasset" 0
"C:/ArchivesOfMekDemo/Content/AntizeMenu/Logics/E_TemplateMouse.uexp" 1
"C:/ArchivesOfMekDemo/Content/AntizeMenu/Sounds/UI/Wave_Click.uasset" 2
"C:/ArchivesOfMekDemo/Content/AntizeMenu/Sounds/UI/Wave_Click.uexp" 3
"C:/ArchivesOfMekDemo/Content/AntizeMenu/Sounds/ClassesAndMixes/SC_Effects.uasset" 4
"C:/ArchivesOfMekDemo/Content/AntizeMenu/Sounds/ClassesAndMixes/SC_Effects.uexp" 5
"C:/ArchivesOfMekDemo/Content/AntizeMenu/Sounds/ClassesAndMixes/SC_Music.uasset" 6
"C:/ArchivesOfMekDemo/Content/AntizeMenu/Sounds/ClassesAndMixes/SC_Music.uexp" 7
"C:/ArchivesOfMekDemo/Content/AntizeMenu/Sounds/ClassesAndMixes/SC_Voice.uasset" 8
"C:/ArchivesOfMekDemo/Content/AntizeMenu/Sounds/ClassesAndMixes/SC_Voice.uexp" 9
"C:/ArchivesOfMekDemo/Content/AntizeMenu/Sounds/ClassesAndMixes/SC_Master.uasset" 10
"C:/ArchivesOfMekDemo/Content/AntizeMenu/Sounds/ClassesAndMixes/SC_Master.uexp" 11
"C:/ArchivesOfMekDemo/Content/AntizeMenu/Sounds/UI/Cue_Click.uasset" 12
"C:/ArchivesOfMekDemo/Content/AntizeMenu/Sounds/UI/Cue_Click.uexp" 13
"C:/ArchivesOfMekDemo/Content/AntizeMenu/Sounds/UI/Wave_Hovered.uasset" 14
"C:/ArchivesOfMekDemo/Content/AntizeMenu/Sounds/UI/Wave_Hovered.uexp" 15
"C:/ArchivesOfMekDemo/Content/AntizeMenu/Sounds/UI/Cue_Hovered.uasset" 16
"C:/ArchivesOfMekDemo/Content/AntizeMenu/Sounds/UI/Cue_Hovered.uexp" 17
"C:/ArchivesOfMekDemo/Content/AntizeMenu/Sounds/UI/Wave_Sad_Piano_Ambient.uasset" 18
"C:/ArchivesOfMekDemo/Content/AntizeMenu/Sounds/UI/Wave_Sad_Piano_Ambient.uexp" 19
"C:/ArchivesOfMekDemo/Content/AntizeMenu/Sounds/UI/Wave_Sad_Piano_Ambient.ubulk" 20
"C:/ArchivesOfMekDemo/Content/AntizeMenu/Sounds/UI/Cue_Sad_Piano_Ambient.uasset" 21
"C:/ArchivesOfMekDemo/Content/AntizeMenu/Sounds/UI/Cue_Sad_Piano_Ambient.uexp" 22
"C:/ArchivesOfMekDemo/Content/_Game/Character/Models/paladin_j_nordstrom_Skeleton.uasset" 23
"C:/ArchivesOfMekDemo/Content/_Game/Character/Models/paladin_j_nordstrom_Skeleton.uexp" 24
"../../../Engine/Content/Animation/DefaultAnimBoneCompressionSettings.uasset" 25
"../../../Engine/Content/Animation/DefaultAnimBoneCompressionSettings.uexp" 26
"../../../Engine/Content/Animation/DefaultAnimCurveCompressionSettings.uasset" 27
"../../../Engine/Content/Animation/DefaultAnimCurveCompressionSettings.uexp" 28
"C:/ArchivesOfMekDemo/Content/_Game/Character/Anims/Falling_Idle.uasset" 29
"C:/ArchivesOfMekDemo/Content/_Game/Character/Anims/Falling_Idle.uexp" 30
"C:/ArchivesOfMekDemo/Content/_Game/Character/Anims/Idle.uasset" 31
"C:/ArchivesOfMekDemo/Content/_Game/Character/Anims/Idle.uexp" 32
"C:/ArchivesOfMekDemo/Content/_Game/Character/Anims/Running.uasset" 33
"C:/ArchivesOfMekDemo/Content/_Game/Character/Anims/Running.uexp" 34
"C:/ArchivesOfMekDemo/Content/_Game/Character/Anims/Walking.uasset" 35
"C:/ArchivesOfMekDemo/Content/_Game/Character/Anims/Walking.uexp" 36
"C:/ArchivesOfMekDemo/Content/_Game/Character/Anims/Idle_Walk_Run_BS.uasset" 37
"C:/ArchivesOfMekDemo/Content/_Game/Character/Anims/Idle_Walk_Run_BS.uexp" 38
"C:/ArchivesOfMekDemo/Content/_Game/Character/Anims/Jumping_Down.uasset" 39
"C:/ArchivesOfMekDemo/Content/_Game/Character/Anims/Jumping_Down.uexp" 40
"C:/ArchivesOfMekDemo/Content/_Game/Character/Anims/Jumping_Up.uasset" 41
"C:/ArchivesOfMekDemo/Content/_Game/Character/Anims/Jumping_Up.uexp" 42
"C:/ArchivesOfMekDemo/Content/_Game/Character/Anims/Temp_AnimBP.uasset" 43
"C:/ArchivesOfMekDemo/Content/_Game/Character/Anims/Temp_AnimBP.uexp" 44
"C:/ArchivesOfMekDemo/Content/_Game/Character/Models/Paladin_diffuse.uasset" 45
"C:/ArchivesOfMekDemo/Content/_Game/Character/Models/Paladin_diffuse.uexp" 46
"C:/ArchivesOfMekDemo/Content/_Game/Character/Models/Paladin_diffuse.ubulk" 47
"C:/ArchivesOfMekDemo/Content/_Game/Character/Models/Paladin_normal.uasset" 48
"C:/ArchivesOfMekDemo/Content/_Game/Character/Models/Paladin_normal.uexp" 49
"C:/ArchivesOfMekDemo/Content/_Game/Character/Models/Paladin_normal.ubulk" 50
"C:/ArchivesOfMekDemo/Content/_Game/Character/Models/Paladin_specular.uasset" 51
"C:/ArchivesOfMekDemo/Content/_Game/Character/Models/Paladin_specular.uexp" 52
"C:/ArchivesOfMekDemo/Content/_Game/Character/Models/Paladin_specular.ubulk" 53
"C:/ArchivesOfMekDemo/Content/_Game/Character/Models/Paladin_MAT.uasset" 54
"C:/ArchivesOfMekDemo/Content/_Game/Character/Models/Paladin_MAT.uexp" 55
"C:/ArchivesOfMekDemo/Content/_Game/Character/Models/paladin_j_nordstrom_PhysicsAsset.uasset" 56
"C:/ArchivesOfMekDemo/Content/_Game/Character/Models/paladin_j_nordstrom_PhysicsAsset.uexp" 57
"C:/ArchivesOfMekDemo/Content/_Game/Character/Models/paladin_j_nordstrom.uasset" 58
"C:/ArchivesOfMekDemo/Content/_Game/Character/Models/paladin_j_nordstrom.uexp" 59
"C:/ArchivesOfMekDemo/Content/_Game/Character/TempCharacter_BP.uasset" 60
"C:/ArchivesOfMekDemo/Content/_Game/Character/TempCharacter_BP.uexp" 61
"C:/ArchivesOfMekDemo/Content/_Game/TempGameMode.uasset" 62
"C:/ArchivesOfMekDemo/Content/_Game/TempGameMode.uexp" 63
"C:/ArchivesOfMekDemo/Content/_Game/Character/Anims/Attack.uasset" 64
"C:/ArchivesOfMekDemo/Content/_Game/Character/Anims/Attack.uexp" 65
"../../../Engine/Content/Functions/Engine_MaterialFunctions01/Opacity/CameraDepthFade.uasset" 66
"../../../Engine/Content/Functions/Engine_MaterialFunctions01/Opacity/CameraDepthFade.uexp" 67
"../../../Engine/Content/EngineMaterials/T_Default_Material_Grid_M.uasset" 68
"../../../Engine/Content/EngineMaterials/T_Default_Material_Grid_M.uexp" 69
"../../../Engine/Content/EngineMaterials/T_Default_Material_Grid_M.ubulk" 70
"../../../Engine/Content/EngineMaterials/T_Default_Material_Grid_N.uasset" 71
"../../../Engine/Content/EngineMaterials/T_Default_Material_Grid_N.uexp" 72
"../../../Engine/Content/EngineMaterials/T_Default_Material_Grid_N.ubulk" 73
"../../../Engine/Content/EngineMaterials/WorldGridMaterial.uasset" 74
"../../../Engine/Content/EngineMaterials/WorldGridMaterial.uexp" 75
"../../../Engine/Content/ArtTools/RenderToTexture/Meshes/S_1_Unit_Plane.uasset" 76
"../../../Engine/Content/ArtTools/RenderToTexture/Meshes/S_1_Unit_Plane.uexp" 77
"../../../Engine/Content/ArtTools/RenderToTexture/Meshes/S_1_Unit_Plane.ubulk" 78
"../../../Engine/Content/EngineMaterials/DefaultMaterial.uasset" 79
"../../../Engine/Content/EngineMaterials/DefaultMaterial.uexp" 80
"../../../Engine/Content/BasicShapes/Cone.uasset" 81
"../../../Engine/Content/BasicShapes/Cone.uexp" 82
"../../../Engine/Content/BasicShapes/Cone.ubulk" 83
"../../../Engine/Content/BasicShapes/Plane.uasset" 84
"../../../Engine/Content/BasicShapes/Plane.uexp" 85
"../../../Engine/Content/BasicShapes/Plane.ubulk" 86
"../../../Engine/Content/BasicShapes/Sphere.uasset" 87
"../../../Engine/Content/BasicShapes/Sphere.uexp" 88
"../../../Engine/Content/BasicShapes/Sphere.ubulk" 89
"../../../Engine/Content/EditorLandscapeResources/DataLayer.uasset" 90
"../../../Engine/Content/EditorLandscapeResources/DataLayer.uexp" 91
"../../../Engine/Content/EditorLandscapeResources/DefaultAlphaTexture.uasset" 92
"../../../Engine/Content/EditorLandscapeResources/DefaultAlphaTexture.uexp" 93
"../../../Engine/Content/EditorMaterials/MAT_Groups_Toggle.uasset" 94
"../../../Engine/Content/EditorMaterials/MAT_Groups_Toggle.uexp" 95
"../../../Engine/Content/EditorMaterials/MAT_Groups_Visibility.uasset" 96
"../../../Engine/Content/EditorMaterials/MAT_Groups_Visibility.uexp" 97
"../../../Engine/Content/EditorMaterials/PreviewShadowIndicator.uasset" 98
"../../../Engine/Content/EditorMaterials/PreviewShadowIndicator.uexp" 99
"../../../Engine/Content/EditorMaterials/PreviewShadowIndicator.ubulk" 100
"../../../Engine/Content/EditorMaterials/PreviewShadowIndicatorMaterial.uasset" 101
"../../../Engine/Content/EditorMaterials/PreviewShadowIndicatorMaterial.uexp" 102
"../../../Engine/Content/EditorMaterials/MatineeGroups/MAT_ColorTrack.uasset" 103
"../../../Engine/Content/EditorMaterials/MatineeGroups/MAT_ColorTrack.uexp" 104
"../../../Engine/Content/EditorMaterials/MatineeGroups/MAT_Groups_Anim.uasset" 105
"../../../Engine/Content/EditorMaterials/MatineeGroups/MAT_Groups_Anim.uexp" 106
"../../../Engine/Content/EditorMaterials/MatineeGroups/MAT_Groups_AudioMaster.uasset" 107
"../../../Engine/Content/EditorMaterials/MatineeGroups/MAT_Groups_AudioMaster.uexp" 108
"../../../Engine/Content/EditorMaterials/MatineeGroups/MAT_Groups_Director.uasset" 109
"../../../Engine/Content/EditorMaterials/MatineeGroups/MAT_Groups_Director.uexp" 110
"../../../Engine/Content/EditorMaterials/MatineeGroups/MAT_Groups_Event.uasset" 111
"../../../Engine/Content/EditorMaterials/MatineeGroups/MAT_Groups_Event.uexp" 112
"../../../Engine/Content/EditorMaterials/MatineeGroups/MAT_Groups_Fade.uasset" 113
"../../../Engine/Content/EditorMaterials/MatineeGroups/MAT_Groups_Fade.uexp" 114
"../../../Engine/Content/EditorMaterials/MatineeGroups/MAT_Groups_Float.uasset" 115
"../../../Engine/Content/EditorMaterials/MatineeGroups/MAT_Groups_Float.uexp" 116
"../../../Engine/Content/EditorMaterials/MatineeGroups/MAT_Groups_Move.uasset" 117
"../../../Engine/Content/EditorMaterials/MatineeGroups/MAT_Groups_Move.uexp" 118
"../../../Engine/Content/EditorMaterials/MatineeGroups/MAT_Groups_Slomo.uasset" 119
"../../../Engine/Content/EditorMaterials/MatineeGroups/MAT_Groups_Slomo.uexp" 120
"../../../Engine/Content/EditorMaterials/MatineeGroups/MAT_Groups_Sound.uasset" 121
"../../../Engine/Content/EditorMaterials/MatineeGroups/MAT_Groups_Sound.uexp" 122
"../../../Engine/Content/EditorMaterials/MatineeGroups/MAT_Groups_Vector.uasset" 123
"../../../Engine/Content/EditorMaterials/MatineeGroups/MAT_Groups_Vector.uexp" 124
"../../../Engine/Content/EditorMaterials/ParticleSystems/PSysThumbnail_NoImage.uasset" 125
"../../../Engine/Content/EditorMaterials/ParticleSystems/PSysThumbnail_NoImage.uexp" 126
"../../../Engine/Content/EditorMaterials/ParticleSystems/PSysThumbnail_NoImage.ubulk" 127
"../../../Engine/Content/EditorMaterials/ParticleSystems/PSysThumbnail_OOD.uasset" 128
"../../../Engine/Content/EditorMaterials/ParticleSystems/PSysThumbnail_OOD.uexp" 129
"../../../Engine/Content/EditorMaterials/ParticleSystems/PSysThumbnail_OOD.ubulk" 130
"../../../Engine/Content/Functions/Engine_MaterialFunctions02/Utility/MakeFloat4.uasset" 131
"../../../Engine/Content/Functions/Engine_MaterialFunctions02/Utility/MakeFloat4.uexp" 132
"../../../Engine/Content/Functions/Engine_MaterialFunctions02/Utility/BreakOutFloat3Components.uasset" 133
"../../../Engine/Content/Functions/Engine_MaterialFunctions02/Utility/BreakOutFloat3Components.uexp" 134
"../../../Engine/Content/Functions/Engine_MaterialFunctions02/Utility/MakeFloat3.uasset" 135
"../../../Engine/Content/Functions/Engine_MaterialFunctions02/Utility/MakeFloat3.uexp" 136
"../../../Engine/Content/EditorMaterials/WorldPartition/WorldPartitionSpatialHashGridPreviewMaterial.uasset" 137
"../../../Engine/Content/EditorMaterials/WorldPartition/WorldPartitionSpatialHashGridPreviewMaterial.uexp" 138
"../../../Engine/Content/EditorMaterials/Camera/CineMat.uasset" 139
"../../../Engine/Content/EditorMaterials/Camera/CineMat.uexp" 140
"../../../Engine/Content/EditorMaterials/Camera/MI_CineMat_Rig.uasset" 141
"../../../Engine/Content/EditorMaterials/Camera/MI_CineMat_Rig.uexp" 142
"../../../Engine/Content/EditorMeshes/Camera/SM_CraneRig_Arm.uasset" 143
"../../../Engine/Content/EditorMeshes/Camera/SM_CraneRig_Arm.uexp" 144
"../../../Engine/Content/EditorMeshes/Camera/SM_CraneRig_Arm.ubulk" 145
"../../../Engine/Content/EditorMeshes/Camera/SM_CraneRig_Base.uasset" 146
"../../../Engine/Content/EditorMeshes/Camera/SM_CraneRig_Base.uexp" 147
"../../../Engine/Content/EditorMeshes/Camera/SM_CraneRig_Base.ubulk" 148
"../../../Engine/Content/EditorMeshes/Camera/SM_CraneRig_Body.uasset" 149
"../../../Engine/Content/EditorMeshes/Camera/SM_CraneRig_Body.uexp" 150
"../../../Engine/Content/EditorMeshes/Camera/SM_CraneRig_Body.ubulk" 151
"../../../Engine/Content/EditorMeshes/Camera/SM_CraneRig_Mount.uasset" 152
"../../../Engine/Content/EditorMeshes/Camera/SM_CraneRig_Mount.uexp" 153
"../../../Engine/Content/EditorMeshes/Camera/SM_CraneRig_Mount.ubulk" 154
"../../../Engine/Content/EditorMeshes/Camera/SM_RailRig_Mount.uasset" 155
"../../../Engine/Content/EditorMeshes/Camera/SM_RailRig_Mount.uexp" 156
"../../../Engine/Content/EditorMeshes/Camera/SM_RailRig_Mount.ubulk" 157
"../../../Engine/Content/EditorMeshes/Camera/SM_RailRig_Track.uasset" 158
"../../../Engine/Content/EditorMeshes/Camera/SM_RailRig_Track.uexp" 159
"../../../Engine/Content/EditorMeshes/Camera/SM_RailRig_Track.ubulk" 160
"../../../Engine/Content/EditorResources/BSPVertex.uasset" 161
"../../../Engine/Content/EditorResources/BSPVertex.uexp" 162
"../../../Engine/Content/EditorResources/EmptyActor.uasset" 163
"../../../Engine/Content/EditorResources/EmptyActor.uexp" 164
"../../../Engine/Content/EditorResources/S_Actor.uasset" 165
"../../../Engine/Content/EditorResources/S_Actor.uexp" 166
"../../../Engine/Content/EditorResources/S_Actor.ubulk" 167
"../../../Engine/Content/EditorResources/S_BoxReflectionCapture.uasset" 168
"../../../Engine/Content/EditorResources/S_BoxReflectionCapture.uexp" 169
"../../../Engine/Content/EditorResources/S_Note.uasset" 170
"../../../Engine/Content/EditorResources/S_Note.uexp" 171
"../../../Engine/Content/EditorResources/S_Solver.uasset" 172
"../../../Engine/Content/EditorResources/S_Solver.uexp" 173
"../../../Engine/Content/EditorResources/S_Solver.ubulk" 174
"../../../Engine/Content/EditorResources/S_Terrain.uasset" 175
"../../../Engine/Content/EditorResources/S_Terrain.uexp" 176
"../../../Engine/Content/EditorResources/S_Terrain.ubulk" 177
"../../../Engine/Content/EditorResources/S_Trigger.uasset" 178
"../../../Engine/Content/EditorResources/S_Trigger.uexp" 179
"../../../Engine/Content/EditorResources/S_Trigger.ubulk" 180
"../../../Engine/Content/EditorResources/S_TriggerBox.uasset" 181
"../../../Engine/Content/EditorResources/S_TriggerBox.uexp" 182
"../../../Engine/Content/EditorResources/S_TriggerCapsule.uasset" 183
"../../../Engine/Content/EditorResources/S_TriggerCapsule.uexp" 184
"../../../Engine/Content/EditorResources/S_TriggerSphere.uasset" 185
"../../../Engine/Content/EditorResources/S_TriggerSphere.uexp" 186
"../../../Engine/Content/EditorResources/AudioIcons/S_AudioComponent_AutoActivate.uasset" 187
"../../../Engine/Content/EditorResources/AudioIcons/S_AudioComponent_AutoActivate.uexp" 188
"../../../Engine/Content/EditorResources/LightIcons/S_LightError.uasset" 189
"../../../Engine/Content/EditorResources/LightIcons/S_LightError.uexp" 190
"../../../Engine/Content/EditorResources/SequenceRecorder/Countdown.uasset" 191
"../../../Engine/Content/EditorResources/SequenceRecorder/Countdown.uexp" 192
"../../../Engine/Content/EditorResources/SequenceRecorder/RecordingIndicator.uasset" 193
"../../../Engine/Content/EditorResources/SequenceRecorder/RecordingIndicator.uexp" 194
"../../../Engine/Content/EngineDamageTypes/DmgTypeBP_Environmental.uasset" 195
"../../../Engine/Content/EngineDamageTypes/DmgTypeBP_Environmental.uexp" 196
"../../../Engine/Content/EngineDebugMaterials/DebugEditorMaterial.uasset" 197
"../../../Engine/Content/EngineDebugMaterials/DebugEditorMaterial.uexp" 198
"../../../Engine/Content/EngineDebugMaterials/DebugMeshMaterial.uasset" 199
"../../../Engine/Content/EngineDebugMaterials/DebugMeshMaterial.uexp" 200
"../../../Engine/Content/EngineDebugMaterials/M_SimpleUnlitTranslucent.uasset" 201
"../../../Engine/Content/EngineDebugMaterials/M_SimpleUnlitTranslucent.uexp" 202
"../../../Engine/Content/Functions/Engine_MaterialFunctions02/Utility/CameraDirectionVector.uasset" 203
"../../../Engine/Content/Functions/Engine_MaterialFunctions02/Utility/CameraDirectionVector.uexp" 204
"../../../Engine/Content/EngineDebugMaterials/VolumeToRender.uasset" 205
"../../../Engine/Content/EngineDebugMaterials/VolumeToRender.uexp" 206
"../../../Engine/Content/EngineDebugMaterials/M_VolumeRenderSphereTracePP.uasset" 207
"../../../Engine/Content/EngineDebugMaterials/M_VolumeRenderSphereTracePP.uexp" 208
"../../../Engine/Content/Functions/Engine_MaterialFunctions01/Shading/ConvertFromDiffSpec.uasset" 209
"../../../Engine/Content/Functions/Engine_MaterialFunctions01/Shading/ConvertFromDiffSpec.uexp" 210
"../../../Engine/Content/EngineDebugMaterials/VertexColorMaterial.uasset" 211
"../../../Engine/Content/EngineDebugMaterials/VertexColorMaterial.uexp" 212
"../../../Engine/Content/EngineDebugMaterials/WireframeMaterial.uasset" 213
"../../../Engine/Content/EngineDebugMaterials/WireframeMaterial.uexp" 214
"../../../Engine/Content/EngineFonts/Faces/DroidSansFallback.uasset" 215
"../../../Engine/Content/EngineFonts/Faces/DroidSansFallback.uexp" 216
"../../../Engine/Content/EngineFonts/Faces/DroidSansFallback.ufont" 217
"../../../Engine/Content/EngineFonts/Faces/RobotoBold.uasset" 218
"../../../Engine/Content/EngineFonts/Faces/RobotoBold.uexp" 219
"../../../Engine/Content/EngineFonts/Faces/RobotoBold.ufont" 220
"../../../Engine/Content/EngineFonts/Faces/RobotoBoldItalic.uasset" 221
"../../../Engine/Content/EngineFonts/Faces/RobotoBoldItalic.uexp" 222
"../../../Engine/Content/EngineFonts/Faces/RobotoBoldItalic.ufont" 223
"../../../Engine/Content/EngineFonts/Faces/RobotoItalic.uasset" 224
"../../../Engine/Content/EngineFonts/Faces/RobotoItalic.uexp" 225
"../../../Engine/Content/EngineFonts/Faces/RobotoItalic.ufont" 226
"../../../Engine/Content/EngineFonts/Faces/RobotoLight.uasset" 227
"../../../Engine/Content/EngineFonts/Faces/RobotoLight.uexp" 228
"../../../Engine/Content/EngineFonts/Faces/RobotoLight.ufont" 229
"../../../Engine/Content/EngineFonts/Faces/RobotoRegular.uasset" 230
"../../../Engine/Content/EngineFonts/Faces/RobotoRegular.uexp" 231
"../../../Engine/Content/EngineFonts/Faces/RobotoRegular.ufont" 232
"../../../Engine/Content/EngineFonts/Roboto.uasset" 233
"../../../Engine/Content/EngineFonts/Roboto.uexp" 234
"../../../Engine/Content/EngineMaterials/BaseFlattenDiffuseMap.uasset" 235
"../../../Engine/Content/EngineMaterials/BaseFlattenDiffuseMap.uexp" 236
"../../../Engine/Content/EngineMaterials/BaseFlattenGrayscaleMap.uasset" 237
"../../../Engine/Content/EngineMaterials/BaseFlattenGrayscaleMap.uexp" 238
"../../../Engine/Content/EngineMaterials/BaseFlattenEmissiveMap.uasset" 239
"../../../Engine/Content/EngineMaterials/BaseFlattenEmissiveMap.uexp" 240
"../../../Engine/Content/EngineMaterials/BaseFlattenNormalMap.uasset" 241
"../../../Engine/Content/EngineMaterials/BaseFlattenNormalMap.uexp" 242
"../../../Engine/Content/EngineMaterials/BaseFlattenMaterial.uasset" 243
"../../../Engine/Content/EngineMaterials/BaseFlattenMaterial.uexp" 244
"../../../Engine/Content/EngineMaterials/BaseFlattenDiffuseMap_VT.uasset" 245
"../../../Engine/Content/EngineMaterials/BaseFlattenDiffuseMap_VT.uexp" 246
"../../../Engine/Content/EngineMaterials/BaseFlattenGrayscaleMap_VT.uasset" 247
"../../../Engine/Content/EngineMaterials/BaseFlattenGrayscaleMap_VT.uexp" 248
"../../../Engine/Content/EngineMaterials/BaseFlattenEmissiveMap_VT.uasset" 249
"../../../Engine/Content/EngineMaterials/BaseFlattenEmissiveMap_VT.uexp" 250
"../../../Engine/Content/EngineMaterials/BaseFlattenNormalMap_VT.uasset" 251
"../../../Engine/Content/EngineMaterials/BaseFlattenNormalMap_VT.uexp" 252
"../../../Engine/Content/EngineMaterials/BaseFlattenMaterial_VT.uasset" 253
"../../../Engine/Content/EngineMaterials/BaseFlattenMaterial_VT.uexp" 254
"../../../Engine/Content/EngineMaterials/BlueNoise.uasset" 255
"../../../Engine/Content/EngineMaterials/BlueNoise.uexp" 256
"../../../Engine/Content/EngineMaterials/DefaultBloomKernel.uasset" 257
"../../../Engine/Content/EngineMaterials/DefaultBloomKernel.uexp" 258
"../../../Engine/Content/EngineMaterials/DefaultBokeh.uasset" 259
"../../../Engine/Content/EngineMaterials/DefaultBokeh.uexp" 260
"../../../Engine/Content/EngineMaterials/DefaultDiffuse.uasset" 261
"../../../Engine/Content/EngineMaterials/DefaultDiffuse.uexp" 262
"../../../Engine/Content/EngineMaterials/DefaultDiffuse.ubulk" 263
"../../../Engine/Content/EngineMaterials/DefaultDeferredDecalMaterial.uasset" 264
"../../../Engine/Content/EngineMaterials/DefaultDeferredDecalMaterial.uexp" 265
"../../../Engine/Content/EngineMaterials/DefaultLightFunctionMaterial.uasset" 266
"../../../Engine/Content/EngineMaterials/DefaultLightFunctionMaterial.uexp" 267
"../../../Engine/Content/Functions/Engine_MaterialFunctions02/Utility/BreakOutFloat2Components.uasset" 268
"../../../Engine/Content/Functions/Engine_MaterialFunctions02/Utility/BreakOutFloat2Components.uexp" 269
"../../../Engine/Content/EngineMaterials/DefaultPostProcessMaterial.uasset" 270
"../../../Engine/Content/EngineMaterials/DefaultPostProcessMaterial.uexp" 271
"../../../Engine/Content/EngineFonts/RobotoDistanceField.uasset" 272
"../../../Engine/Content/EngineFonts/RobotoDistanceField.uexp" 273
"../../../Engine/Content/EngineMaterials/DefaultTextMaterialOpaque.uasset" 274
"../../../Engine/Content/EngineMaterials/DefaultTextMaterialOpaque.uexp" 275
"../../../Engine/Content/EngineMaterials/DefaultWhiteGrid.uasset" 276
"../../../Engine/Content/EngineMaterials/DefaultWhiteGrid.uexp" 277
"../../../Engine/Content/EngineMaterials/DefaultWhiteGrid.ubulk" 278
"../../../Engine/Content/EngineMaterials/DefaultWhiteGrid_Low.uasset" 279
"../../../Engine/Content/EngineMaterials/DefaultWhiteGrid_Low.uexp" 280
"../../../Engine/Content/EngineMaterials/EmissiveMeshMaterial.uasset" 281
"../../../Engine/Content/EngineMaterials/EmissiveMeshMaterial.uexp" 282
"../../../Engine/Content/EngineMaterials/GizmoMaterial.uasset" 283
"../../../Engine/Content/EngineMaterials/GizmoMaterial.uexp" 284
"../../../Engine/Content/EngineMaterials/Good64x64TilingNoiseHighFreq.uasset" 285
"../../../Engine/Content/EngineMaterials/Good64x64TilingNoiseHighFreq.uexp" 286
"../../../Engine/Content/EngineMaterials/MiniFont.uasset" 287
"../../../Engine/Content/EngineMaterials/MiniFont.uexp" 288
"../../../Engine/Content/EngineMaterials/InvalidLightmapSettings.uasset" 289
"../../../Engine/Content/EngineMaterials/InvalidLightmapSettings.uexp" 290
"../../../Engine/Content/EngineMaterials/InvalidLightmapSettings.ubulk" 291
"../../../Engine/Content/EngineMaterials/M_InvalidLightmapSettings.uasset" 292
"../../../Engine/Content/EngineMaterials/M_InvalidLightmapSettings.uexp" 293
"../../../Engine/Content/Functions/Engine_MaterialFunctions02/WorldPositionOffset/CameraOffset.uasset" 294
"../../../Engine/Content/Functions/Engine_MaterialFunctions02/WorldPositionOffset/CameraOffset.uexp" 295
"../../../Engine/Content/EngineMaterials/PhAT_JointLimitMaterial.uasset" 296
"../../../Engine/Content/EngineMaterials/PhAT_JointLimitMaterial.uexp" 297
"../../../Engine/Content/EngineMaterials/PreintegratedSkinBRDF.uasset" 298
"../../../Engine/Content/EngineMaterials/PreintegratedSkinBRDF.uexp" 299
"../../../Engine/Content/EngineMaterials/RemoveSurfaceMaterial.uasset" 300
"../../../Engine/Content/EngineMaterials/RemoveSurfaceMaterial.uexp" 301
"../../../Engine/Content/EngineMaterials/WeightMapPlaceholderTexture.uasset" 302
"../../../Engine/Content/EngineMaterials/WeightMapPlaceholderTexture.uexp" 303
"../../../Engine/Content/EngineResources/WhiteSquareTexture.uasset" 304
"../../../Engine/Content/EngineResources/WhiteSquareTexture.uexp" 305
"../../../Engine/Content/EngineMaterials/Widget3DPassThrough.uasset" 306
"../../../Engine/Content/EngineMaterials/Widget3DPassThrough.uexp" 307
"../../../Engine/Content/EngineMaterials/Widget3DPassThrough_Masked.uasset" 308
"../../../Engine/Content/EngineMaterials/Widget3DPassThrough_Masked.uexp" 309
"../../../Engine/Content/EngineMaterials/Widget3DPassThrough_Opaque.uasset" 310
"../../../Engine/Content/EngineMaterials/Widget3DPassThrough_Opaque.uexp" 311
"../../../Engine/Content/EngineMaterials/Widget3DPassThrough_Masked_OneSided.uasset" 312
"../../../Engine/Content/EngineMaterials/Widget3DPassThrough_Masked_OneSided.uexp" 313
"../../../Engine/Content/EngineMaterials/Widget3DPassThrough_Opaque_OneSided.uasset" 314
"../../../Engine/Content/EngineMaterials/Widget3DPassThrough_Opaque_OneSided.uexp" 315
"../../../Engine/Content/EngineMaterials/Widget3DPassThrough_Translucent.uasset" 316
"../../../Engine/Content/EngineMaterials/Widget3DPassThrough_Translucent.uexp" 317
"../../../Engine/Content/EngineMaterials/Widget3DPassThrough_Translucent_OneSided.uasset" 318
"../../../Engine/Content/EngineMaterials/Widget3DPassThrough_Translucent_OneSided.uexp" 319
"../../../Engine/Content/EngineMeshes/Sphere.uasset" 320
"../../../Engine/Content/EngineMeshes/Sphere.uexp" 321
"../../../Engine/Content/EngineMeshes/Sphere.ubulk" 322
"../../../Engine/Content/EngineResources/Black.uasset" 323
"../../../Engine/Content/EngineResources/Black.uexp" 324
"../../../Engine/Content/EngineResources/DefaultTextureCube.uasset" 325
"../../../Engine/Content/EngineResources/DefaultTextureCube.uexp" 326
"../../../Engine/Content/EngineResources/DefaultVolumeTexture2D.uasset" 327
"../../../Engine/Content/EngineResources/DefaultVolumeTexture2D.uexp" 328
"../../../Engine/Content/EngineResources/DefaultVolumeTexture.uasset" 329
"../../../Engine/Content/EngineResources/DefaultVolumeTexture.uexp" 330
"../../../Engine/Content/EngineResources/GradientTexture0.uasset" 331
"../../../Engine/Content/EngineResources/GradientTexture0.uexp" 332
"../../../Engine/Content/EngineSky/VolumetricClouds/T_NoiseShape64.uasset" 333
"../../../Engine/Content/EngineSky/VolumetricClouds/T_NoiseShape64.uexp" 334
"../../../Engine/Content/EngineSky/VolumetricClouds/T_NoiseShape64.ubulk" 335
"../../../Engine/Content/EngineSky/VolumetricClouds/T_VolumeNoiseShape64.uasset" 336
"../../../Engine/Content/EngineSky/VolumetricClouds/T_VolumeNoiseShape64.uexp" 337
"../../../Engine/Content/Functions/Engine_MaterialFunctions02/Utility/MakeFloat2.uasset" 338
"../../../Engine/Content/Functions/Engine_MaterialFunctions02/Utility/MakeFloat2.uexp" 339
"../../../Engine/Content/EngineSky/VolumetricClouds/CloudGradientTexture.uasset" 340
"../../../Engine/Content/EngineSky/VolumetricClouds/CloudGradientTexture.uexp" 341
"../../../Engine/Content/EngineSky/VolumetricClouds/T_NoiseErosion.uasset" 342
"../../../Engine/Content/EngineSky/VolumetricClouds/T_NoiseErosion.uexp" 343
"../../../Engine/Content/EngineSky/VolumetricClouds/T_NoiseErosion.ubulk" 344
"../../../Engine/Content/EngineSky/VolumetricClouds/T_VolumeNoiseErosion32.uasset" 345
"../../../Engine/Content/EngineSky/VolumetricClouds/T_VolumeNoiseErosion32.uexp" 346
"../../../Engine/Content/EngineSky/VolumetricClouds/CloudWeatherTexture.uasset" 347
"../../../Engine/Content/EngineSky/VolumetricClouds/CloudWeatherTexture.uexp" 348
"../../../Engine/Content/EngineSky/VolumetricClouds/m_SimpleVolumetricCloud.uasset" 349
"../../../Engine/Content/EngineSky/VolumetricClouds/m_SimpleVolumetricCloud.uexp" 350
"../../../Engine/Content/EngineSky/VolumetricClouds/m_SimpleVolumetricCloud_Inst.uasset" 351
"../../../Engine/Content/EngineSky/VolumetricClouds/m_SimpleVolumetricCloud_Inst.uexp" 352
"../../../Engine/Content/EngineSounds/Master.uasset" 353
"../../../Engine/Content/EngineSounds/Master.uexp" 354
"../../../Engine/Content/Functions/Engine_MaterialFunctions01/Shading/PowerToRoughness.uasset" 355
"../../../Engine/Content/Functions/Engine_MaterialFunctions01/Shading/PowerToRoughness.uexp" 356
"../../../Engine/Content/Maps/Templates/Thumbnails/Default.uasset" 357
"../../../Engine/Content/Maps/Templates/Thumbnails/Default.uexp" 358
"../../../Engine/Content/Maps/Templates/Thumbnails/TimeOfDay.uasset" 359
"../../../Engine/Content/Maps/Templates/Thumbnails/TimeOfDay.uexp" 360
"../../../Engine/Content/Maps/Templates/Thumbnails/VR-Basic.uasset" 361
"../../../Engine/Content/Maps/Templates/Thumbnails/VR-Basic.uexp" 362
"../../../Engine/Content/MobileResources/T_MobileControls_texture.uasset" 363
"../../../Engine/Content/MobileResources/T_MobileControls_texture.uexp" 364
"../../../Engine/Content/MobileResources/T_MobileMenu2.uasset" 365
"../../../Engine/Content/MobileResources/T_MobileMenu2.uexp" 366
"../../../Engine/Content/MobileResources/HUD/AnalogHat.uasset" 367
"../../../Engine/Content/MobileResources/HUD/AnalogHat.uexp" 368
"../../../Engine/Content/MobileResources/HUD/VirtualJoystick_Background.uasset" 369
"../../../Engine/Content/MobileResources/HUD/VirtualJoystick_Background.uexp" 370
"../../../Engine/Content/MobileResources/HUD/VirtualJoystick_Thumb.uasset" 371
"../../../Engine/Content/MobileResources/HUD/VirtualJoystick_Thumb.uexp" 372
"../../../Engine/Content/MobileResources/HUD/DefaultVirtualJoysticks.uasset" 373
"../../../Engine/Content/MobileResources/HUD/DefaultVirtualJoysticks.uexp" 374
"../../../Engine/Content/MobileResources/HUD/LeftVirtualJoystickOnly.uasset" 375
"../../../Engine/Content/MobileResources/HUD/LeftVirtualJoystickOnly.uexp" 376
"../../../Engine/Content/MobileResources/HUD/MobileHUDButton1_off.uasset" 377
"../../../Engine/Content/MobileResources/HUD/MobileHUDButton1_off.uexp" 378
"../../../Engine/Content/MobileResources/HUD/MobileHUDButton1_on.uasset" 379
"../../../Engine/Content/MobileResources/HUD/MobileHUDButton1_on.uexp" 380
"../../../Engine/Content/MobileResources/HUD/MobileHUDButton2_off.uasset" 381
"../../../Engine/Content/MobileResources/HUD/MobileHUDButton2_off.uexp" 382
"../../../Engine/Content/MobileResources/HUD/MobileHUDButton2_on.uasset" 383
"../../../Engine/Content/MobileResources/HUD/MobileHUDButton2_on.uexp" 384
"../../../Engine/Content/MobileResources/HUD/MobileHUDButton3.uasset" 385
"../../../Engine/Content/MobileResources/HUD/MobileHUDButton3.uexp" 386
"../../../Engine/Content/MobileResources/HUD/MobileHUDButtonFire.uasset" 387
"../../../Engine/Content/MobileResources/HUD/MobileHUDButtonFire.uexp" 388
"../../../Engine/Content/MobileResources/HUD/MobileHUDDirectionPad.uasset" 389
"../../../Engine/Content/MobileResources/HUD/MobileHUDDirectionPad.uexp" 390
"../../../Engine/Content/MobileResources/HUD/MobileHUDDirectionPad2.uasset" 391
"../../../Engine/Content/MobileResources/HUD/MobileHUDDirectionPad2.uexp" 392
"../../../Engine/Content/MobileResources/HUD/MobileHUDDirectionPad3.uasset" 393
"../../../Engine/Content/MobileResources/HUD/MobileHUDDirectionPad3.uexp" 394
"../../../Engine/Content/MobileResources/HUD/MobileHUDDirectionStick.uasset" 395
"../../../Engine/Content/MobileResources/HUD/MobileHUDDirectionStick.uexp" 396
"../../../Engine/Content/MobileResources/HUD/T_Castle_ThumbstickInner.uasset" 397
"../../../Engine/Content/MobileResources/HUD/T_Castle_ThumbstickInner.uexp" 398
"../../../Engine/Content/MobileResources/HUD/T_Castle_ThumbstickOutter.uasset" 399
"../../../Engine/Content/MobileResources/HUD/T_Castle_ThumbstickOutter.uexp" 400
"../../../Engine/Content/Tutorial/ContentIntroCurve.uasset" 401
"../../../Engine/Content/Tutorial/ContentIntroCurve.uexp" 402
"../../../Engine/Content/VREditor/LaserPointer/VR_LaserPower_01.uasset" 403
"../../../Engine/Content/VREditor/LaserPointer/VR_LaserPower_01.uexp" 404
"../../../Engine/Content/VREditor/LaserPointer/VR_LaserPower_01.ubulk" 405
"../../../Engine/Content/VREditor/TransformGizmo/TransformGizmoMaterial.uasset" 406
"../../../Engine/Content/VREditor/TransformGizmo/TransformGizmoMaterial.uexp" 407
"../../../Engine/Content/VREditor/TransformGizmo/TranslucentTransformGizmoMaterial.uasset" 408
"../../../Engine/Content/VREditor/TransformGizmo/TranslucentTransformGizmoMaterial.uexp" 409
"../../../Engine/Content/VREditor/TransformGizmo/BoundingBoxCorner.uasset" 410
"../../../Engine/Content/VREditor/TransformGizmo/BoundingBoxCorner.uexp" 411
"../../../Engine/Content/VREditor/TransformGizmo/BoundingBoxCorner.ubulk" 412
"../../../Engine/Content/VREditor/TransformGizmo/BoundingBoxEdge.uasset" 413
"../../../Engine/Content/VREditor/TransformGizmo/BoundingBoxEdge.uexp" 414
"../../../Engine/Content/VREditor/TransformGizmo/BoundingBoxEdge.ubulk" 415
"../../../Engine/Content/VREditor/TransformGizmo/PlaneTranslationHandle.uasset" 416
"../../../Engine/Content/VREditor/TransformGizmo/PlaneTranslationHandle.uexp" 417
"../../../Engine/Content/VREditor/TransformGizmo/PlaneTranslationHandle.ubulk" 418
"../../../Engine/Content/VREditor/TransformGizmo/Xray.uasset" 419
"../../../Engine/Content/VREditor/TransformGizmo/Xray.uexp" 420
"../../../Engine/Content/VREditor/TransformGizmo/Main.uasset" 421
"../../../Engine/Content/VREditor/TransformGizmo/Main.uexp" 422
"../../../Engine/Content/VREditor/TransformGizmo/SM_Sequencer_Key.uasset" 423
"../../../Engine/Content/VREditor/TransformGizmo/SM_Sequencer_Key.uexp" 424
"../../../Engine/Content/VREditor/TransformGizmo/SM_Sequencer_Key.ubulk" 425
"../../../Engine/Content/VREditor/TransformGizmo/SM_Sequencer_Node.uasset" 426
"../../../Engine/Content/VREditor/TransformGizmo/SM_Sequencer_Node.uexp" 427
"../../../Engine/Content/VREditor/TransformGizmo/SM_Sequencer_Node.ubulk" 428
"../../../Engine/Plugins/2D/Paper2D/Content/PlaceholderTextures/DummySpriteTexture.uasset" 429
"../../../Engine/Plugins/2D/Paper2D/Content/PlaceholderTextures/DummySpriteTexture.uexp" 430
"../../../Engine/Plugins/2D/Paper2D/Content/PlaceholderTextures/DummySpriteTexture.ubulk" 431
"../../../Engine/Plugins/2D/Paper2D/Content/DummySprite.uasset" 432
"../../../Engine/Plugins/2D/Paper2D/Content/DummySprite.uexp" 433
"../../../Engine/Plugins/2D/Paper2D/Content/DefaultPaperTerrainMaterial.uasset" 434
"../../../Engine/Plugins/2D/Paper2D/Content/DefaultPaperTerrainMaterial.uexp" 435
"../../../Engine/Plugins/2D/Paper2D/Content/DefaultSpriteMaterial.uasset" 436
"../../../Engine/Plugins/2D/Paper2D/Content/DefaultSpriteMaterial.uexp" 437
"../../../Engine/Plugins/2D/Paper2D/Content/MaskedUnlitSpriteMaterial.uasset" 438
"../../../Engine/Plugins/2D/Paper2D/Content/MaskedUnlitSpriteMaterial.uexp" 439
"../../../Engine/Plugins/2D/Paper2D/Content/OpaqueUnlitSpriteMaterial.uasset" 440
"../../../Engine/Plugins/2D/Paper2D/Content/OpaqueUnlitSpriteMaterial.uexp" 441
"../../../Engine/Content/EngineResources/DefaultTexture.uasset" 442
"../../../Engine/Content/EngineResources/DefaultTexture.uexp" 443
"../../../Engine/Content/EngineResources/DefaultTexture.ubulk" 444
"../../../Engine/Content/Functions/Engine_MaterialFunctions02/ObjectLocalBounds.uasset" 445
"../../../Engine/Content/Functions/Engine_MaterialFunctions02/ObjectLocalBounds.uexp" 446
"../../../Engine/Content/Functions/Engine_MaterialFunctions02/UVs/BoundingBoxBased_0-1_UVW.uasset" 447
"../../../Engine/Content/Functions/Engine_MaterialFunctions02/UVs/BoundingBoxBased_0-1_UVW.uexp" 448
"../../../Engine/Plugins/Editor/SpeedTreeImporter/Content/SpeedTree9/game_wind_noise.uasset" 449
"../../../Engine/Plugins/Editor/SpeedTreeImporter/Content/SpeedTree9/game_wind_noise.uexp" 450
"../../../Engine/Plugins/Editor/SpeedTreeImporter/Content/SpeedTree9/game_wind_noise.ubulk" 451
"../../../Engine/Plugins/Editor/SpeedTreeImporter/Content/SpeedTree9/SpeedTreeBillboard.uasset" 452
"../../../Engine/Plugins/Editor/SpeedTreeImporter/Content/SpeedTree9/SpeedTreeBillboard.uexp" 453
"../../../Engine/Content/Functions/Engine_MaterialFunctions02/SafeNormalize.uasset" 454
"../../../Engine/Content/Functions/Engine_MaterialFunctions02/SafeNormalize.uexp" 455
"../../../Engine/Plugins/Editor/SpeedTreeImporter/Content/SpeedTree9/SpeedTreeWindMotion.uasset" 456
"../../../Engine/Plugins/Editor/SpeedTreeImporter/Content/SpeedTree9/SpeedTreeWindMotion.uexp" 457
"../../../Engine/Plugins/Editor/SpeedTreeImporter/Content/SpeedTree9/UnpackDirection.uasset" 458
"../../../Engine/Plugins/Editor/SpeedTreeImporter/Content/SpeedTree9/UnpackDirection.uexp" 459
"../../../Engine/Plugins/Editor/SpeedTreeImporter/Content/SpeedTree9/UnpackInteger3.uasset" 460
"../../../Engine/Plugins/Editor/SpeedTreeImporter/Content/SpeedTree9/UnpackInteger3.uexp" 461
"../../../Engine/Plugins/Editor/SpeedTreeImporter/Content/SpeedTree9/SpeedTreeBranchMotion.uasset" 462
"../../../Engine/Plugins/Editor/SpeedTreeImporter/Content/SpeedTree9/SpeedTreeBranchMotion.uexp" 463
"../../../Engine/Plugins/Editor/SpeedTreeImporter/Content/SpeedTree9/SpeedTreeWind.uasset" 464
"../../../Engine/Plugins/Editor/SpeedTreeImporter/Content/SpeedTree9/SpeedTreeWind.uexp" 465
"../../../Engine/Plugins/Editor/SpeedTreeImporter/Content/SpeedTree9/SpeedTreeBillboardMaster.uasset" 466
"../../../Engine/Plugins/Editor/SpeedTreeImporter/Content/SpeedTree9/SpeedTreeBillboardMaster.uexp" 467
"../../../Engine/Plugins/Editor/SpeedTreeImporter/Content/SpeedTree9/SpeedTreeCameraFacing.uasset" 468
"../../../Engine/Plugins/Editor/SpeedTreeImporter/Content/SpeedTree9/SpeedTreeCameraFacing.uexp" 469
"../../../Engine/Plugins/Editor/SpeedTreeImporter/Content/SpeedTree9/SpeedTreeMaster.uasset" 470
"../../../Engine/Plugins/Editor/SpeedTreeImporter/Content/SpeedTree9/SpeedTreeMaster.uexp" 471
"../../../Engine/Content/BasicShapes/Cylinder.uasset" 472
"../../../Engine/Content/BasicShapes/Cylinder.uexp" 473
"../../../Engine/Content/BasicShapes/Cylinder.ubulk" 474
"../../../Engine/Content/ArtTools/RenderToTexture/Materials/Debug/M_Emissive_Color.uasset" 475
"../../../Engine/Content/ArtTools/RenderToTexture/Materials/Debug/M_Emissive_Color.uexp" 476
"../../../Engine/Plugins/Lumin/MagicLeapPassableWorld/Content/MagicLeapARPinInfoActor.uasset" 477
"../../../Engine/Plugins/Lumin/MagicLeapPassableWorld/Content/MagicLeapARPinInfoActor.uexp" 478
"../../../Engine/Plugins/Runtime/HairStrands/Content/Materials/HairCardsDefaultMaterial.uasset" 479
"../../../Engine/Plugins/Runtime/HairStrands/Content/Materials/HairCardsDefaultMaterial.uexp" 480
"../../../Engine/Content/EngineMaterials/HairColorMap.uasset" 481
"../../../Engine/Content/EngineMaterials/HairColorMap.uexp" 482
"../../../Engine/Content/EngineMaterials/HairDebugColor.uasset" 483
"../../../Engine/Content/EngineMaterials/HairDebugColor.uexp" 484
"../../../Engine/Plugins/Runtime/HairStrands/Content/Materials/HairDebugMaterial.uasset" 485
"../../../Engine/Plugins/Runtime/HairStrands/Content/Materials/HairDebugMaterial.uexp" 486
"../../../Engine/Plugins/Runtime/HairStrands/Content/Materials/HairDefaultMaterial.uasset" 487
"../../../Engine/Plugins/Runtime/HairStrands/Content/Materials/HairDefaultMaterial.uexp" 488
"../../../Engine/Plugins/Runtime/HairStrands/Content/Materials/HairMeshesDefaultMaterial.uasset" 489
"../../../Engine/Plugins/Runtime/HairStrands/Content/Materials/HairMeshesDefaultMaterial.uexp" 490
"../../../Engine/Content/EditorBlueprintResources/StandardMacros.uasset" 491
"../../../Engine/Content/EditorBlueprintResources/StandardMacros.uexp" 492
"C:/ArchivesOfMekDemo/Content/AntizeMenu/Mannequin/Mesh/SK_UE4_Mannequin_Skeleton.uasset" 493
"C:/ArchivesOfMekDemo/Content/AntizeMenu/Mannequin/Mesh/SK_UE4_Mannequin_Skeleton.uexp" 494
"C:/ArchivesOfMekDemo/Content/AntizeMenu/Mannequin/Textures/T_ML_Rubber_Blue_01_D.uasset" 495
"C:/ArchivesOfMekDemo/Content/AntizeMenu/Mannequin/Textures/T_ML_Rubber_Blue_01_D.uexp" 496
"C:/ArchivesOfMekDemo/Content/AntizeMenu/Mannequin/Textures/T_ML_Rubber_Blue_01_D.ubulk" 497
"C:/ArchivesOfMekDemo/Content/AntizeMenu/Mannequin/Textures/T_ML_Rubber_Blue_01_N.uasset" 498
"C:/ArchivesOfMekDemo/Content/AntizeMenu/Mannequin/Textures/T_ML_Rubber_Blue_01_N.uexp" 499
"C:/ArchivesOfMekDemo/Content/AntizeMenu/Mannequin/Textures/T_ML_Rubber_Blue_01_N.ubulk" 500
"C:/ArchivesOfMekDemo/Content/AntizeMenu/Mannequin/Materials/ML_GlossyBlack_Latex_UE4.uasset" 501
"C:/ArchivesOfMekDemo/Content/AntizeMenu/Mannequin/Materials/ML_GlossyBlack_Latex_UE4.uexp" 502
"C:/ArchivesOfMekDemo/Content/AntizeMenu/Mannequin/Materials/ML_Plastic_Shiny_Beige.uasset" 503
"C:/ArchivesOfMekDemo/Content/AntizeMenu/Mannequin/Materials/ML_Plastic_Shiny_Beige.uexp" 504
"C:/ArchivesOfMekDemo/Content/AntizeMenu/Mannequin/Textures/T_UE4_LOGO_CARD.uasset" 505
"C:/ArchivesOfMekDemo/Content/AntizeMenu/Mannequin/Textures/T_UE4_LOGO_CARD.uexp" 506
"C:/ArchivesOfMekDemo/Content/AntizeMenu/Mannequin/Textures/T_UE4_LOGO_CARD.ubulk" 507
"C:/ArchivesOfMekDemo/Content/AntizeMenu/Mannequin/Materials/ML_Plastic_Shiny_Beige_LOGO.uasset" 508
"C:/ArchivesOfMekDemo/Content/AntizeMenu/Mannequin/Materials/ML_Plastic_Shiny_Beige_LOGO.uexp" 509
"C:/ArchivesOfMekDemo/Content/AntizeMenu/Mannequin/Textures/T_ML_Aluminum01.uasset" 510
"C:/ArchivesOfMekDemo/Content/AntizeMenu/Mannequin/Textures/T_ML_Aluminum01.uexp" 511
"C:/ArchivesOfMekDemo/Content/AntizeMenu/Mannequin/Textures/T_ML_Aluminum01.ubulk" 512
"C:/ArchivesOfMekDemo/Content/AntizeMenu/Mannequin/Textures/T_ML_Aluminum01_N.uasset" 513
"C:/ArchivesOfMekDemo/Content/AntizeMenu/Mannequin/Textures/T_ML_Aluminum01_N.uexp" 514
"C:/ArchivesOfMekDemo/Content/AntizeMenu/Mannequin/Textures/T_ML_Aluminum01_N.ubulk" 515
"C:/ArchivesOfMekDemo/Content/AntizeMenu/Mannequin/Materials/ML_SoftMetal_UE4.uasset" 516
"C:/ArchivesOfMekDemo/Content/AntizeMenu/Mannequin/Materials/ML_SoftMetal_UE4.uexp" 517
"C:/ArchivesOfMekDemo/Content/AntizeMenu/Mannequin/Textures/T_UE4_Mannequin__normals.uasset" 518
"C:/ArchivesOfMekDemo/Content/AntizeMenu/Mannequin/Textures/T_UE4_Mannequin__normals.uexp" 519
"C:/ArchivesOfMekDemo/Content/AntizeMenu/Mannequin/Textures/T_UE4_Mannequin__normals.ubulk" 520
"C:/ArchivesOfMekDemo/Content/AntizeMenu/Mannequin/Textures/T_UE4_Mannequin_MAT_MASKA.uasset" 521
"C:/ArchivesOfMekDemo/Content/AntizeMenu/Mannequin/Textures/T_UE4_Mannequin_MAT_MASKA.uexp" 522
"C:/ArchivesOfMekDemo/Content/AntizeMenu/Mannequin/Textures/T_UE4_Mannequin_MAT_MASKA.ubulk" 523
"../../../Engine/Content/Functions/Engine_MaterialFunctions02/Utility/BlendAngleCorrectedNormals.uasset" 524
"../../../Engine/Content/Functions/Engine_MaterialFunctions02/Utility/BlendAngleCorrectedNormals.uexp" 525
"../../../Engine/Content/Functions/MaterialLayerFunctions/MatLayerBlend_NormalBlend.uasset" 526
"../../../Engine/Content/Functions/MaterialLayerFunctions/MatLayerBlend_NormalBlend.uexp" 527
"../../../Engine/Content/Functions/MaterialLayerFunctions/MatLayerBlend_Simple.uasset" 528
"../../../Engine/Content/Functions/MaterialLayerFunctions/MatLayerBlend_Simple.uexp" 529
"C:/ArchivesOfMekDemo/Content/AntizeMenu/Mannequin/Materials/M_UE4Man_Body.uasset" 530
"C:/ArchivesOfMekDemo/Content/AntizeMenu/Mannequin/Materials/M_UE4Man_Body.uexp" 531
"C:/ArchivesOfMekDemo/Content/AntizeMenu/Mannequin/Textures/T_UE4Man_Logo_N.uasset" 532
"C:/ArchivesOfMekDemo/Content/AntizeMenu/Mannequin/Textures/T_UE4Man_Logo_N.uexp" 533
"C:/ArchivesOfMekDemo/Content/AntizeMenu/Mannequin/Textures/T_UE4Man_Logo_N.ubulk" 534
"C:/ArchivesOfMekDemo/Content/AntizeMenu/Mannequin/Materials/MI_UE4Man_ChestLogo.uasset" 535
"C:/ArchivesOfMekDemo/Content/AntizeMenu/Mannequin/Materials/MI_UE4Man_ChestLogo.uexp" 536
"C:/ArchivesOfMekDemo/Content/AntizeMenu/Mannequin/Mesh/SK_Mannequin_PhysicsAsset.uasset" 537
"C:/ArchivesOfMekDemo/Content/AntizeMenu/Mannequin/Mesh/SK_Mannequin_PhysicsAsset.uexp" 538
"C:/ArchivesOfMekDemo/Content/AntizeMenu/Mannequin/Mesh/SK_Mannequin.uasset" 539
"C:/ArchivesOfMekDemo/Content/AntizeMenu/Mannequin/Mesh/SK_Mannequin.uexp" 540
"C:/ArchivesOfMekDemo/Content/AntizeMenu/Logics/Enum/E_InputMode.uasset" 541
"C:/ArchivesOfMekDemo/Content/AntizeMenu/Logics/Enum/E_InputMode.uexp" 542
"C:/ArchivesOfMekDemo/Content/AntizeMenu/Mannequin/Animations/AS_ThirdPerson_Jump.uasset" 543
"C:/ArchivesOfMekDemo/Content/AntizeMenu/Mannequin/Animations/AS_ThirdPerson_Jump.uexp" 544
"C:/ArchivesOfMekDemo/Content/AntizeMenu/Mannequin/Animations/AS_ThirdPersonJump_Loop.uasset" 545
"C:/ArchivesOfMekDemo/Content/AntizeMenu/Mannequin/Animations/AS_ThirdPersonJump_Loop.uexp" 546
"C:/ArchivesOfMekDemo/Content/AntizeMenu/Mannequin/Animations/AS_ThirdPersonJump_Start.uasset" 547
"C:/ArchivesOfMekDemo/Content/AntizeMenu/Mannequin/Animations/AS_ThirdPersonJump_Start.uexp" 548
"C:/ArchivesOfMekDemo/Content/AntizeMenu/Mannequin/Animations/AS_ThirdPersonIdle.uasset" 549
"C:/ArchivesOfMekDemo/Content/AntizeMenu/Mannequin/Animations/AS_ThirdPersonIdle.uexp" 550
"C:/ArchivesOfMekDemo/Content/AntizeMenu/Mannequin/Animations/AS_ThirdPersonRun.uasset" 551
"C:/ArchivesOfMekDemo/Content/AntizeMenu/Mannequin/Animations/AS_ThirdPersonRun.uexp" 552
"C:/ArchivesOfMekDemo/Content/AntizeMenu/Mannequin/Animations/AS_ThirdPersonWalk.uasset" 553
"C:/ArchivesOfMekDemo/Content/AntizeMenu/Mannequin/Animations/AS_ThirdPersonWalk.uexp" 554
"C:/ArchivesOfMekDemo/Content/AntizeMenu/Mannequin/Animations/BS_ThirdPerson_IdleRun_2D.uasset" 555
"C:/ArchivesOfMekDemo/Content/AntizeMenu/Mannequin/Animations/BS_ThirdPerson_IdleRun_2D.uexp" 556
"C:/ArchivesOfMekDemo/Content/AntizeMenu/Mannequin/Animations/AB_ThirdPerson_AnimBP.uasset" 557
"C:/ArchivesOfMekDemo/Content/AntizeMenu/Mannequin/Animations/AB_ThirdPerson_AnimBP.uexp" 558
"../../../Engine/Content/BasicShapes/BasicShapeMaterial.uasset" 559
"../../../Engine/Content/BasicShapes/BasicShapeMaterial.uexp" 560
"../../../Engine/Content/BasicShapes/Cube.uasset" 561
"../../../Engine/Content/BasicShapes/Cube.uexp" 562
"../../../Engine/Content/BasicShapes/Cube.ubulk" 563
"C:/ArchivesOfMekDemo/Content/AntizeMenu/Logics/E_TemplateControlAction.uasset" 564
"C:/ArchivesOfMekDemo/Content/AntizeMenu/Logics/E_TemplateControlAction.uexp" 565
"C:/ArchivesOfMekDemo/Content/AntizeMenu/Logics/E_TemplateControlAxis.uasset" 566
"C:/ArchivesOfMekDemo/Content/AntizeMenu/Logics/E_TemplateControlAxis.uexp" 567
"C:/ArchivesOfMekDemo/Content/AntizeMenu/Blueprints/Interact/W_Interact.uasset" 568
"C:/ArchivesOfMekDemo/Content/AntizeMenu/Blueprints/Interact/W_Interact.uexp" 569
"C:/ArchivesOfMekDemo/Content/AntizeMenu/Blueprints/Interact/BP_MasterInteract.uasset" 570
"C:/ArchivesOfMekDemo/Content/AntizeMenu/Blueprints/Interact/BP_MasterInteract.uexp" 571
"C:/ArchivesOfMekDemo/Content/AntizeMenu/Logics/E_TemplateUI.uasset" 572
"C:/ArchivesOfMekDemo/Content/AntizeMenu/Logics/E_TemplateUI.uexp" 573
"C:/ArchivesOfMekDemo/Content/AntizeMenu/Blueprints/BP_AntizeInterface.uasset" 574
"C:/ArchivesOfMekDemo/Content/AntizeMenu/Blueprints/BP_AntizeInterface.uexp" 575
"C:/ArchivesOfMekDemo/Content/AntizeMenu/Blueprints/BP_MyCharacter.uasset" 576
"C:/ArchivesOfMekDemo/Content/AntizeMenu/Blueprints/BP_MyCharacter.uexp" 577
"C:/ArchivesOfMekDemo/Content/AntizeMenu/Logics/Structures/S_MyAxisKeys.uasset" 578
"C:/ArchivesOfMekDemo/Content/AntizeMenu/Logics/Structures/S_MyAxisKeys.uexp" 579
"C:/ArchivesOfMekDemo/Content/AntizeMenu/Logics/Structures/S_MyActionKeys.uasset" 580
"C:/ArchivesOfMekDemo/Content/AntizeMenu/Logics/Structures/S_MyActionKeys.uexp" 581
"C:/ArchivesOfMekDemo/Content/AntizeMenu/Logics/Enum/E_AxisType.uasset" 582
"C:/ArchivesOfMekDemo/Content/AntizeMenu/Logics/Enum/E_AxisType.uexp" 583
"C:/ArchivesOfMekDemo/Content/AntizeMenu/Logics/E_TemplateGraphic.uasset" 584
"C:/ArchivesOfMekDemo/Content/AntizeMenu/Logics/E_TemplateGraphic.uexp" 585
"C:/ArchivesOfMekDemo/Content/AntizeMenu/Logics/E_TemplateAudio.uasset" 586
"C:/ArchivesOfMekDemo/Content/AntizeMenu/Logics/E_TemplateAudio.uexp" 587
"C:/ArchivesOfMekDemo/Content/AntizeMenu/Logics/Structures/S_GraphicIndex.uasset" 588
"C:/ArchivesOfMekDemo/Content/AntizeMenu/Logics/Structures/S_GraphicIndex.uexp" 589
"C:/ArchivesOfMekDemo/Content/AntizeMenu/Logics/Structures/S_MyAudio.uasset" 590
"C:/ArchivesOfMekDemo/Content/AntizeMenu/Logics/Structures/S_MyAudio.uexp" 591
"C:/ArchivesOfMekDemo/Content/AntizeMenu/Logics/Structures/S_MyControls.uasset" 592
"C:/ArchivesOfMekDemo/Content/AntizeMenu/Logics/Structures/S_MyControls.uexp" 593
"C:/ArchivesOfMekDemo/Content/AntizeMenu/Logics/Structures/S_MyUI.uasset" 594
"C:/ArchivesOfMekDemo/Content/AntizeMenu/Logics/Structures/S_MyUI.uexp" 595
"C:/ArchivesOfMekDemo/Content/AntizeMenu/Blueprints/BP_AntizeSave.uasset" 596
"C:/ArchivesOfMekDemo/Content/AntizeMenu/Blueprints/BP_AntizeSave.uexp" 597
"C:/ArchivesOfMekDemo/Content/AntizeMenu/Blueprints/Function/BP_Antize.uasset" 598
"C:/ArchivesOfMekDemo/Content/AntizeMenu/Blueprints/Function/BP_Antize.uexp" 599
"C:/ArchivesOfMekDemo/Content/AntizeMenu/Logics/Enum/E_Comfirmation.uasset" 600
"C:/ArchivesOfMekDemo/Content/AntizeMenu/Logics/Enum/E_Comfirmation.uexp" 601
"C:/ArchivesOfMekDemo/Content/AntizeMenu/Logics/Enum/E_GraphicCommandeType.uasset" 602
"C:/ArchivesOfMekDemo/Content/AntizeMenu/Logics/Enum/E_GraphicCommandeType.uexp" 603
"C:/ArchivesOfMekDemo/Content/AntizeMenu/Logics/Enum/E_GraphicWidgetType.uasset" 604
"C:/ArchivesOfMekDemo/Content/AntizeMenu/Logics/Enum/E_GraphicWidgetType.uexp" 605
"C:/ArchivesOfMekDemo/Content/AntizeMenu/Logics/Enum/E_Option.uasset" 606
"C:/ArchivesOfMekDemo/Content/AntizeMenu/Logics/Enum/E_Option.uexp" 607
"C:/ArchivesOfMekDemo/Content/AntizeMenu/Logics/Enum/E_WorkOn.uasset" 608
"C:/ArchivesOfMekDemo/Content/AntizeMenu/Logics/Enum/E_WorkOn.uexp" 609
"C:/ArchivesOfMekDemo/Content/AntizeMenu/Logics/Structures/S_DefaultBackUpOn.uasset" 610
"C:/ArchivesOfMekDemo/Content/AntizeMenu/Logics/Structures/S_DefaultBackUpOn.uexp" 611
"C:/ArchivesOfMekDemo/Content/AntizeMenu/Logics/Structures/S_GraphicLinked.uasset" 612
"C:/ArchivesOfMekDemo/Content/AntizeMenu/Logics/Structures/S_GraphicLinked.uexp" 613
"C:/ArchivesOfMekDemo/Content/AntizeMenu/Logics/Structures/S_UI_AudioSettings.uasset" 614
"C:/ArchivesOfMekDemo/Content/AntizeMenu/Logics/Structures/S_UI_AudioSettings.uexp" 615
"C:/ArchivesOfMekDemo/Content/AntizeMenu/Texture/T_Smoke_Tiled_D.uasset" 616
"C:/ArchivesOfMekDemo/Content/AntizeMenu/Texture/T_Smoke_Tiled_D.uexp" 617
"C:/ArchivesOfMekDemo/Content/AntizeMenu/Texture/T_Smoke_Tiled_D.ubulk" 618
"C:/ArchivesOfMekDemo/Content/AntizeMenu/Texture/T_Water_N.uasset" 619
"C:/ArchivesOfMekDemo/Content/AntizeMenu/Texture/T_Water_N.uexp" 620
"C:/ArchivesOfMekDemo/Content/AntizeMenu/Texture/T_Water_N.ubulk" 621
"C:/ArchivesOfMekDemo/Content/AntizeMenu/Material/M_Smoke.uasset" 622
"C:/ArchivesOfMekDemo/Content/AntizeMenu/Material/M_Smoke.uexp" 623
"C:/ArchivesOfMekDemo/Content/AntizeMenu/Texture/T_Background.uasset" 624
"C:/ArchivesOfMekDemo/Content/AntizeMenu/Texture/T_Background.uexp" 625
"C:/ArchivesOfMekDemo/Content/AntizeMenu/Texture/T_BarreH.uasset" 626
"C:/ArchivesOfMekDemo/Content/AntizeMenu/Texture/T_BarreH.uexp" 627
"C:/ArchivesOfMekDemo/Content/AntizeMenu/Texture/T_BarreV.uasset" 628
"C:/ArchivesOfMekDemo/Content/AntizeMenu/Texture/T_BarreV.uexp" 629
"C:/ArchivesOfMekDemo/Content/AntizeMenu/Texture/T_Fond.uasset" 630
"C:/ArchivesOfMekDemo/Content/AntizeMenu/Texture/T_Fond.uexp" 631
"C:/ArchivesOfMekDemo/Content/AntizeMenu/Texture/T_TestImage.uasset" 632
"C:/ArchivesOfMekDemo/Content/AntizeMenu/Texture/T_TestImage.uexp" 633
"C:/ArchivesOfMekDemo/Content/AntizeMenu/Widgets/W_Confirmation.uasset" 634
"C:/ArchivesOfMekDemo/Content/AntizeMenu/Widgets/W_Confirmation.uexp" 635
"C:/ArchivesOfMekDemo/Content/AntizeMenu/Logics/Structures/S_KeysName.uasset" 636
"C:/ArchivesOfMekDemo/Content/AntizeMenu/Logics/Structures/S_KeysName.uexp" 637
"C:/ArchivesOfMekDemo/Content/AntizeMenu/Logics/Datatable/D_KeysName.uasset" 638
"C:/ArchivesOfMekDemo/Content/AntizeMenu/Logics/Datatable/D_KeysName.uexp" 639
"C:/ArchivesOfMekDemo/Content/AntizeMenu/Logics/Structures/S_ActionKeySetting.uasset" 640
"C:/ArchivesOfMekDemo/Content/AntizeMenu/Logics/Structures/S_ActionKeySetting.uexp" 641
"C:/ArchivesOfMekDemo/Content/AntizeMenu/Widgets/W_TemplateInputAction.uasset" 642
"C:/ArchivesOfMekDemo/Content/AntizeMenu/Widgets/W_TemplateInputAction.uexp" 643
"C:/ArchivesOfMekDemo/Content/AntizeMenu/Sounds/ClassesAndMixes/SM_Master.uasset" 644
"C:/ArchivesOfMekDemo/Content/AntizeMenu/Sounds/ClassesAndMixes/SM_Master.uexp" 645
"C:/ArchivesOfMekDemo/Content/AntizeMenu/Sounds/ClassesAndMixes/SM_Effects.uasset" 646
"C:/ArchivesOfMekDemo/Content/AntizeMenu/Sounds/ClassesAndMixes/SM_Effects.uexp" 647
"C:/ArchivesOfMekDemo/Content/AntizeMenu/Sounds/ClassesAndMixes/SM_Music.uasset" 648
"C:/ArchivesOfMekDemo/Content/AntizeMenu/Sounds/ClassesAndMixes/SM_Music.uexp" 649
"C:/ArchivesOfMekDemo/Content/AntizeMenu/Sounds/ClassesAndMixes/SM_Voice.uasset" 650
"C:/ArchivesOfMekDemo/Content/AntizeMenu/Sounds/ClassesAndMixes/SM_Voice.uexp" 651
"C:/ArchivesOfMekDemo/Content/AntizeMenu/Widgets/W_TemplateAudio.uasset" 652
"C:/ArchivesOfMekDemo/Content/AntizeMenu/Widgets/W_TemplateAudio.uexp" 653
"C:/ArchivesOfMekDemo/Content/AntizeMenu/Texture/T_LeftIcon.uasset" 654
"C:/ArchivesOfMekDemo/Content/AntizeMenu/Texture/T_LeftIcon.uexp" 655
"C:/ArchivesOfMekDemo/Content/AntizeMenu/Texture/T_RightIcon.uasset" 656
"C:/ArchivesOfMekDemo/Content/AntizeMenu/Texture/T_RightIcon.uexp" 657
"C:/ArchivesOfMekDemo/Content/AntizeMenu/Logics/Structures/S_ButtonCommandes.uasset" 658
"C:/ArchivesOfMekDemo/Content/AntizeMenu/Logics/Structures/S_ButtonCommandes.uexp" 659
"C:/ArchivesOfMekDemo/Content/AntizeMenu/Widgets/W_TemplateGraphic.uasset" 660
"C:/ArchivesOfMekDemo/Content/AntizeMenu/Widgets/W_TemplateGraphic.uexp" 661
"C:/ArchivesOfMekDemo/Content/AntizeMenu/Widgets/W_TemplateGlobalSettings.uasset" 662
"C:/ArchivesOfMekDemo/Content/AntizeMenu/Widgets/W_TemplateGlobalSettings.uexp" 663
"C:/ArchivesOfMekDemo/Content/AntizeMenu/Widgets/W_TemplateTitle.uasset" 664
"C:/ArchivesOfMekDemo/Content/AntizeMenu/Widgets/W_TemplateTitle.uexp" 665
"C:/ArchivesOfMekDemo/Content/AntizeMenu/Logics/Structures/S_AxisKeySetting.uasset" 666
"C:/ArchivesOfMekDemo/Content/AntizeMenu/Logics/Structures/S_AxisKeySetting.uexp" 667
"C:/ArchivesOfMekDemo/Content/AntizeMenu/Widgets/W_TemplateInputAxis.uasset" 668
"C:/ArchivesOfMekDemo/Content/AntizeMenu/Widgets/W_TemplateInputAxis.uexp" 669
"C:/ArchivesOfMekDemo/Content/AntizeMenu/Logics/Enum/E_MoreOption.uasset" 670
"C:/ArchivesOfMekDemo/Content/AntizeMenu/Logics/Enum/E_MoreOption.uexp" 671
"C:/ArchivesOfMekDemo/Content/AntizeMenu/Widgets/W_TemplateMouse.uasset" 672
"C:/ArchivesOfMekDemo/Content/AntizeMenu/Widgets/W_TemplateMouse.uexp" 673
"C:/ArchivesOfMekDemo/Content/AntizeMenu/Widgets/W_TemplateUI.uasset" 674
"C:/ArchivesOfMekDemo/Content/AntizeMenu/Widgets/W_TemplateUI.uexp" 675
"C:/ArchivesOfMekDemo/Content/AntizeMenu/Widgets/W_Options.uasset" 676
"C:/ArchivesOfMekDemo/Content/AntizeMenu/Widgets/W_Options.uexp" 677
"C:/ArchivesOfMekDemo/Content/AntizeMenu/W_ParentMenuExample.uasset" 678
"C:/ArchivesOfMekDemo/Content/AntizeMenu/W_ParentMenuExample.uexp" 679
"C:/ArchivesOfMekDemo/Content/AntizeMenu/Blueprints/BP_MyController.uasset" 680
"C:/ArchivesOfMekDemo/Content/AntizeMenu/Blueprints/BP_MyController.uexp" 681
"C:/ArchivesOfMekDemo/Content/AntizeMenu/Blueprints/BP_MyGameMode.uasset" 682
"C:/ArchivesOfMekDemo/Content/AntizeMenu/Blueprints/BP_MyGameMode.uexp" 683
"C:/ArchivesOfMekDemo/Content/AntizeMenu/Blueprints/Interact/BP_LampInteract.uasset" 684
"C:/ArchivesOfMekDemo/Content/AntizeMenu/Blueprints/Interact/BP_LampInteract.uexp" 685
"../../../Engine/Content/EngineSky/T_Sky_Blue.uasset" 686
"../../../Engine/Content/EngineSky/T_Sky_Blue.uexp" 687
"../../../Engine/Content/EngineSky/T_Sky_Blue.ubulk" 688
"../../../Engine/Content/EngineSky/T_Sky_Clouds_M.uasset" 689
"../../../Engine/Content/EngineSky/T_Sky_Clouds_M.uexp" 690
"../../../Engine/Content/EngineSky/T_Sky_Clouds_M.ubulk" 691
"../../../Engine/Content/EngineSky/T_Sky_Stars.uasset" 692
"../../../Engine/Content/EngineSky/T_Sky_Stars.uexp" 693
"../../../Engine/Content/EngineSky/T_Sky_Stars.ubulk" 694
"../../../Engine/Content/EngineSky/M_Sky_Panning_Clouds2.uasset" 695
"../../../Engine/Content/EngineSky/M_Sky_Panning_Clouds2.uexp" 696
"../../../Engine/Content/EngineSky/C_Sky_Cloud_Color.uasset" 697
"../../../Engine/Content/EngineSky/C_Sky_Cloud_Color.uexp" 698
"../../../Engine/Content/EngineSky/C_Sky_Horizon_Color.uasset" 699
"../../../Engine/Content/EngineSky/C_Sky_Horizon_Color.uexp" 700
"../../../Engine/Content/EngineSky/C_Sky_Zenith_Color.uasset" 701
"../../../Engine/Content/EngineSky/C_Sky_Zenith_Color.uexp" 702
"../../../Engine/Content/EngineSky/SM_SkySphere.uasset" 703
"../../../Engine/Content/EngineSky/SM_SkySphere.uexp" 704
"../../../Engine/Content/EngineSky/SM_SkySphere.ubulk" 705
"../../../Engine/Content/EngineSky/BP_Sky_Sphere.uasset" 706
"../../../Engine/Content/EngineSky/BP_Sky_Sphere.uexp" 707
"C:/ArchivesOfMekDemo/Content/AntizeMenu/Map/TestMap_BuiltData.uasset" 708
"C:/ArchivesOfMekDemo/Content/AntizeMenu/Map/TestMap_BuiltData.uexp" 709
"C:/ArchivesOfMekDemo/Content/AntizeMenu/Sounds/Ambient/RoomTone_Abstract04_Stereo.uasset" 710
"C:/ArchivesOfMekDemo/Content/AntizeMenu/Sounds/Ambient/RoomTone_Abstract04_Stereo.uexp" 711
"C:/ArchivesOfMekDemo/Content/AntizeMenu/Sounds/Ambient/RoomTone_Abstract04_Stereo.ubulk" 712
"C:/ArchivesOfMekDemo/Content/AntizeMenu/Sounds/Ambient/RoomTone_AbstractBitcrushed04_Stereo.uasset" 713
"C:/ArchivesOfMekDemo/Content/AntizeMenu/Sounds/Ambient/RoomTone_AbstractBitcrushed04_Stereo.uexp" 714
"C:/ArchivesOfMekDemo/Content/AntizeMenu/Sounds/Ambient/RoomTone_AbstractBitcrushed04_Stereo.ubulk" 715
"C:/ArchivesOfMekDemo/Content/AntizeMenu/Sounds/Ambient/RoomTone_AbstractAnimated04_Stereo_Cue.uasset" 716
"C:/ArchivesOfMekDemo/Content/AntizeMenu/Sounds/Ambient/RoomTone_AbstractAnimated04_Stereo_Cue.uexp" 717
"C:/ArchivesOfMekDemo/Content/AntizeMenu/Sounds/Music/ShooterGame_Music_Intro.uasset" 718
"C:/ArchivesOfMekDemo/Content/AntizeMenu/Sounds/Music/ShooterGame_Music_Intro.uexp" 719
"C:/ArchivesOfMekDemo/Content/AntizeMenu/Sounds/Music/ShooterGame_Music_Intro.ubulk" 720
"C:/ArchivesOfMekDemo/Content/AntizeMenu/Sounds/Music/ShooterGame_Music_Cue.uasset" 721
"C:/ArchivesOfMekDemo/Content/AntizeMenu/Sounds/Music/ShooterGame_Music_Cue.uexp" 722
"C:/ArchivesOfMekDemo/Content/AntizeMenu/Map/TestMap.uexp" 723
"C:/ArchivesOfMekDemo/Content/AntizeMenu/Map/TestMap.umap" 724
"C:/ArchivesOfMekDemo/Content/_Game/Maps/Test_BuiltData.uasset" 725
"C:/ArchivesOfMekDemo/Content/_Game/Maps/Test_BuiltData.uexp" 726
"C:/ArchivesOfMekDemo/Content/_Game/Maps/Test_BuiltData.ubulk" 727
"../../../Engine/Content/EngineMaterials/DefaultPhysicalMaterial.uasset" 728
"../../../Engine/Content/EngineMaterials/DefaultPhysicalMaterial.uexp" 729
"C:/ArchivesOfMekDemo/Content/_Game/Maps/Test.uexp" 730
"C:/ArchivesOfMekDemo/Content/_Game/Maps/Test.ubulk" 731
"C:/ArchivesOfMekDemo/Content/_Game/Maps/Test.umap" 732
"../../../Engine/Content/Maps/Entry_BuiltData.uasset" 733
"../../../Engine/Content/Maps/Entry_BuiltData.uexp" 734
"../../../Engine/Content/Maps/Entry.uexp" 735
"../../../Engine/Content/Maps/Entry.umap" 736
